2022-04-18 09:24:29.441  INFO 5168 --- [main] com.lcj.EruekaServerApplication          : No active profile set, falling back to default profiles: default
2022-04-18 09:24:30.292  WARN 5168 --- [main] o.s.boot.actuate.endpoint.EndpointId     : Endpoint ID 'service-registry' contains invalid characters, please migrate to a valid format.
2022-04-18 09:24:30.854  INFO 5168 --- [main] o.s.cloud.context.scope.GenericScope     : BeanFactory id=2b4985b2-80cc-3d82-b316-a87af621e895
2022-04-18 09:24:30.973  INFO 5168 --- [main] trationDelegate$BeanPostProcessorChecker : Bean 'org.springframework.cloud.autoconfigure.ConfigurationPropertiesRebinderAutoConfiguration' of type [org.springframework.cloud.autoconfigure.ConfigurationPropertiesRebinderAutoConfiguration$$EnhancerBySpringCGLIB$$b39e3181] is not eligible for getting processed by all BeanPostProcessors (for example: not eligible for auto-proxying)
2022-04-18 09:24:31.596  INFO 5168 --- [main] o.s.b.w.embedded.tomcat.TomcatWebServer  : Tomcat initialized with port(s): 1111 (http)
2022-04-18 09:24:31.629  INFO 5168 --- [main] o.apache.catalina.core.StandardService   : Starting service [Tomcat]
2022-04-18 09:24:31.630  INFO 5168 --- [main] org.apache.catalina.core.StandardEngine  : Starting Servlet engine: [Apache Tomcat/9.0.19]
2022-04-18 09:24:31.645  INFO 5168 --- [main] o.a.catalina.core.AprLifecycleListener   : Loaded APR based Apache Tomcat Native library [1.2.30] using APR version [1.7.0].
2022-04-18 09:24:31.648  INFO 5168 --- [main] o.a.catalina.core.AprLifecycleListener   : APR capabilities: IPv6 [true], sendfile [true], accept filters [false], random [true].
2022-04-18 09:24:31.648  INFO 5168 --- [main] o.a.catalina.core.AprLifecycleListener   : APR/OpenSSL configuration: useAprConnector [false], useOpenSSL [true]
2022-04-18 09:24:31.653  INFO 5168 --- [main] o.a.catalina.core.AprLifecycleListener   : OpenSSL successfully initialized [OpenSSL 1.1.1k  25 Mar 2021]
2022-04-18 09:24:31.888  INFO 5168 --- [main] o.a.c.c.C.[Tomcat].[localhost].[/]       : Initializing Spring embedded WebApplicationContext
2022-04-18 09:24:31.889  INFO 5168 --- [main] o.s.web.context.ContextLoader            : Root WebApplicationContext: initialization completed in 2429 ms
2022-04-18 09:24:32.025  WARN 5168 --- [main] c.n.c.sources.URLConfigurationSource     : No URLs will be polled as dynamic configuration sources.
2022-04-18 09:24:32.045  INFO 5168 --- [main] c.n.c.sources.URLConfigurationSource     : To enable URLs as dynamic configuration sources, define System property archaius.configurationSource.additionalUrls or make config.properties available on classpath.
2022-04-18 09:24:32.083  INFO 5168 --- [main] c.netflix.config.DynamicPropertyFactory  : DynamicPropertyFactory is initialized with configuration sources: com.netflix.config.ConcurrentCompositeConfiguration@4a00d9cf
2022-04-18 09:24:33.011  INFO 5168 --- [main] c.s.j.s.i.a.WebApplicationImpl           : Initiating Jersey application, version 'Jersey: 1.19.1 03/11/2016 02:08 PM'
2022-04-18 09:24:33.109  INFO 5168 --- [main] c.n.d.provider.DiscoveryJerseyProvider   : Using JSON encoding codec LegacyJacksonJson
2022-04-18 09:24:33.111  INFO 5168 --- [main] c.n.d.provider.DiscoveryJerseyProvider   : Using JSON decoding codec LegacyJacksonJson
2022-04-18 09:24:33.296  INFO 5168 --- [main] c.n.d.provider.DiscoveryJerseyProvider   : Using XML encoding codec XStreamXml
2022-04-18 09:24:33.296  INFO 5168 --- [main] c.n.d.provider.DiscoveryJerseyProvider   : Using XML decoding codec XStreamXml
2022-04-18 09:24:33.851  WARN 5168 --- [main] c.n.c.sources.URLConfigurationSource     : No URLs will be polled as dynamic configuration sources.
2022-04-18 09:24:33.852  INFO 5168 --- [main] c.n.c.sources.URLConfigurationSource     : To enable URLs as dynamic configuration sources, define System property archaius.configurationSource.additionalUrls or make config.properties available on classpath.
2022-04-18 09:24:34.095  INFO 5168 --- [main] o.s.s.concurrent.ThreadPoolTaskExecutor  : Initializing ExecutorService 'applicationTaskExecutor'
2022-04-18 09:24:34.983  INFO 5168 --- [main] o.s.c.n.eureka.InstanceInfoFactory       : Setting initial instance status as: STARTING
2022-04-18 09:24:35.037  INFO 5168 --- [main] com.netflix.discovery.DiscoveryClient    : Initializing Eureka in region us-east-1
2022-04-18 09:24:35.050  INFO 5168 --- [main] com.netflix.discovery.DiscoveryClient    : Client configured to neither register nor query for data.
2022-04-18 09:24:35.077  INFO 5168 --- [main] com.netflix.discovery.DiscoveryClient    : Discovery Client initialized at timestamp 1650245075069 with initial instances count: 0
2022-04-18 09:24:35.160  INFO 5168 --- [main] c.n.eureka.DefaultEurekaServerContext    : Initializing ...
2022-04-18 09:24:35.175  WARN 5168 --- [main] c.n.eureka.cluster.PeerEurekaNodes       : The replica size seems to be empty. Check the route 53 DNS Registry
2022-04-18 09:24:35.205  INFO 5168 --- [main] c.n.e.registry.AbstractInstanceRegistry  : Finished initializing remote region registries. All known remote regions: []
2022-04-18 09:24:35.209  INFO 5168 --- [main] c.n.eureka.DefaultEurekaServerContext    : Initialized
2022-04-18 09:24:35.233  INFO 5168 --- [main] o.s.b.a.e.web.EndpointLinksResolver      : Exposing 2 endpoint(s) beneath base path '/actuator'
2022-04-18 09:24:35.368  INFO 5168 --- [main] o.s.c.n.e.s.EurekaServiceRegistry        : Registering application EUREKA-SERVER with eureka with status UP
2022-04-18 09:24:35.399  INFO 5168 --- [Thread-11] o.s.c.n.e.server.EurekaServerBootstrap   : Setting the eureka configuration..
2022-04-18 09:24:35.400  INFO 5168 --- [Thread-11] o.s.c.n.e.server.EurekaServerBootstrap   : Eureka data center value eureka.datacenter is not set, defaulting to default
2022-04-18 09:24:35.408  INFO 5168 --- [Thread-11] o.s.c.n.e.server.EurekaServerBootstrap   : Eureka environment value eureka.environment is not set, defaulting to test
2022-04-18 09:24:35.429  INFO 5168 --- [Thread-11] o.s.c.n.e.server.EurekaServerBootstrap   : isAws returned false
2022-04-18 09:24:35.433  INFO 5168 --- [Thread-11] o.s.c.n.e.server.EurekaServerBootstrap   : Initialized server context
2022-04-18 09:24:35.434  INFO 5168 --- [Thread-11] c.n.e.r.PeerAwareInstanceRegistryImpl    : Got 1 instances from neighboring DS node
2022-04-18 09:24:35.439  INFO 5168 --- [Thread-11] c.n.e.r.PeerAwareInstanceRegistryImpl    : Renew threshold is: 1
2022-04-18 09:24:35.440  INFO 5168 --- [Thread-11] c.n.e.r.PeerAwareInstanceRegistryImpl    : Changing status to UP
2022-04-18 09:24:35.457  INFO 5168 --- [Thread-11] e.s.EurekaServerInitializerConfiguration : Started Eureka Server
2022-04-18 09:24:35.484  INFO 5168 --- [main] o.s.b.w.embedded.tomcat.TomcatWebServer  : Tomcat started on port(s): 1111 (http) with context path ''
2022-04-18 09:24:35.486  INFO 5168 --- [main] .s.c.n.e.s.EurekaAutoServiceRegistration : Updating port to 1111
2022-04-18 09:24:35.488  INFO 5168 --- [main] com.lcj.EruekaServerApplication          : Started EruekaServerApplication in 7.614 seconds (JVM running for 8.339)
2022-04-18 09:24:57.284  INFO 5168 --- [Thread-13] o.s.c.n.e.s.EurekaServiceRegistry        : Unregistering application EUREKA-SERVER with eureka with status DOWN
2022-04-18 09:24:57.287  INFO 5168 --- [Thread-13] c.n.eureka.DefaultEurekaServerContext    : Shutting down ...
2022-04-18 09:24:57.291  INFO 5168 --- [Thread-13] c.n.eureka.DefaultEurekaServerContext    : Shut down
2022-04-18 09:24:57.297  INFO 5168 --- [Thread-13] o.s.s.concurrent.ThreadPoolTaskExecutor  : Shutting down ExecutorService 'applicationTaskExecutor'
2022-04-18 09:24:57.302  INFO 5168 --- [Thread-13] com.netflix.discovery.DiscoveryClient    : Shutting down DiscoveryClient ...
2022-04-18 09:24:57.303  INFO 5168 --- [Thread-13] com.netflix.discovery.DiscoveryClient    : Completed shut down of DiscoveryClient
